<?xml version="1.0" encoding="UTF-8"?>
<testng-results skipped="0" failed="0" total="1" passed="1">
  <reporter-output>
  </reporter-output>
  <suite name="Surefire suite" duration-ms="68" started-at="2020-05-19T10:09:50Z" finished-at="2020-05-19T10:09:50Z">
    <groups>
    </groups>
    <test name="Surefire test" duration-ms="68" started-at="2020-05-19T10:09:50Z" finished-at="2020-05-19T10:09:50Z">
      <class name="maven.maven.AppTest">
        <test-method status="PASS" signature="testApp()[pri:0, instance:testApp(maven.maven.AppTest)]" name="testApp" duration-ms="24" started-at="2020-05-19T15:39:50Z" finished-at="2020-05-19T15:39:50Z">
          <reporter-output>
          </reporter-output>
        </test-method> <!-- testApp -->
      </class> <!-- maven.maven.AppTest -->
    </test> <!-- Surefire test -->
  </suite> <!-- Surefire suite -->
</testng-results>
