<?xml version="1.0" encoding="UTF-8"?>
<testng-results skipped="0" failed="0" total="0" passed="0">
  <reporter-output>
  </reporter-output>
  <suite name="maven.maven.AppTest" duration-ms="12" started-at="2020-05-15T13:51:03Z" finished-at="2020-05-15T13:51:03Z">
    <groups>
    </groups>
    <test name="Command line test" duration-ms="12" started-at="2020-05-15T13:51:03Z" finished-at="2020-05-15T13:51:03Z">
    </test> <!-- Command line test -->
  </suite> <!-- maven.maven.AppTest -->
</testng-results>
